<?xml version="1.0" encoding="UTF-8"?>
<!-- Generated by org.testng.reporters.JUnitXMLReporter -->
<testsuite ignored="0" hostname="DESKTOP-BHD5INT" failures="0" tests="5" name="Test" time="110.45" errors="0" timestamp="2023-10-24T09:39:37 CEST">
  <testcase classname="testcase.SignupTest" name="Signup" time="19.486"/>
  <testcase classname="testcase.SignupTest" name="Login" time="14.578"/>
  <testcase classname="testcase.SignupTest" name="LoginInvalidEmail" time="17.891"/>
  <testcase classname="testcase.SignupTest" name="LoginInvalidPassword" time="18.056"/>
  <testcase classname="testcase.SignupTest" name="LoginInvalidInvalidPassword" time="18.565"/>
</testsuite> <!-- Test -->
