<?xml version="1.0" encoding="UTF-8"?>
<testng-results ignored="0" total="13" passed="12" failed="1" skipped="0">
  <reporter-output>
  </reporter-output>
  <suite started-at="2023-10-24T12:03:30 CEST" name="Suite" finished-at="2023-10-24T12:11:17 CEST" duration-ms="466591">
    <groups>
    </groups>
    <test started-at="2023-10-24T12:03:30 CEST" name="Test" finished-at="2023-10-24T12:11:17 CEST" duration-ms="466591">
      <class name="testcase.NavigateBestBuyURLTest">
        <test-method is-config="true" signature="startup()[pri:0, instance:testcase.NavigateBestBuyURLTest@2767e23c]" started-at="2023-10-24T12:03:30 CEST" name="startup" finished-at="2023-10-24T12:03:36 CEST" duration-ms="5726" status="PASS">
          <reporter-output>
          </reporter-output>
        </test-method> <!-- startup -->
        <test-method signature="NavigateURL()[pri:1, instance:testcase.NavigateBestBuyURLTest@2767e23c]" started-at="2023-10-24T12:03:36 CEST" name="NavigateURL" finished-at="2023-10-24T12:03:36 CEST" duration-ms="47" status="PASS">
          <reporter-output>
          </reporter-output>
        </test-method> <!-- NavigateURL -->
        <test-method is-config="true" signature="close()[pri:0, instance:testcase.NavigateBestBuyURLTest@2767e23c]" started-at="2023-10-24T12:03:37 CEST" name="close" finished-at="2023-10-24T12:03:37 CEST" duration-ms="423" status="PASS">
          <reporter-output>
          </reporter-output>
        </test-method> <!-- close -->
        <test-method is-config="true" signature="startup()[pri:0, instance:testcase.NavigateBestBuyURLTest@2767e23c]" started-at="2023-10-24T12:03:37 CEST" name="startup" finished-at="2023-10-24T12:03:40 CEST" duration-ms="3109" status="PASS">
          <reporter-output>
          </reporter-output>
        </test-method> <!-- startup -->
        <test-method signature="SelectUS()[pri:2, instance:testcase.NavigateBestBuyURLTest@2767e23c]" started-at="2023-10-24T12:03:40 CEST" name="SelectUS" finished-at="2023-10-24T12:03:47 CEST" duration-ms="6821" status="PASS">
          <reporter-output>
          </reporter-output>
        </test-method> <!-- SelectUS -->
        <test-method is-config="true" signature="close()[pri:0, instance:testcase.NavigateBestBuyURLTest@2767e23c]" started-at="2023-10-24T12:03:47 CEST" name="close" finished-at="2023-10-24T12:03:48 CEST" duration-ms="603" status="PASS">
          <reporter-output>
          </reporter-output>
        </test-method> <!-- close -->
        <test-method is-config="true" signature="startup()[pri:0, instance:testcase.NavigateBestBuyURLTest@2767e23c]" started-at="2023-10-24T12:03:48 CEST" name="startup" finished-at="2023-10-24T12:03:51 CEST" duration-ms="3154" status="PASS">
          <reporter-output>
          </reporter-output>
        </test-method> <!-- startup -->
        <test-method signature="SelectCanada()[pri:3, instance:testcase.NavigateBestBuyURLTest@2767e23c]" started-at="2023-10-24T12:03:51 CEST" name="SelectCanada" finished-at="2023-10-24T12:03:57 CEST" duration-ms="5984" status="PASS">
          <reporter-output>
          </reporter-output>
        </test-method> <!-- SelectCanada -->
        <test-method is-config="true" signature="close()[pri:0, instance:testcase.NavigateBestBuyURLTest@2767e23c]" started-at="2023-10-24T12:03:58 CEST" name="close" finished-at="2023-10-24T12:03:58 CEST" duration-ms="489" status="PASS">
          <reporter-output>
          </reporter-output>
        </test-method> <!-- close -->
      </class> <!-- testcase.NavigateBestBuyURLTest -->
      <class name="testcase.NavigateMenuItemsTest">
        <test-method is-config="true" signature="startup()[pri:0, instance:testcase.NavigateMenuItemsTest@1972e513]" started-at="2023-10-24T12:05:43 CEST" name="startup" finished-at="2023-10-24T12:05:47 CEST" duration-ms="4113" status="PASS">
          <reporter-output>
          </reporter-output>
        </test-method> <!-- startup -->
        <test-method signature="NavigateBottomLinks()[pri:0, instance:testcase.NavigateMenuItemsTest@1972e513]" started-at="2023-10-24T12:05:47 CEST" name="NavigateBottomLinks" finished-at="2023-10-24T12:06:34 CEST" duration-ms="46783" status="PASS">
          <reporter-output>
          </reporter-output>
        </test-method> <!-- NavigateBottomLinks -->
        <test-method is-config="true" signature="close()[pri:0, instance:testcase.NavigateMenuItemsTest@1972e513]" started-at="2023-10-24T12:06:34 CEST" name="close" finished-at="2023-10-24T12:06:35 CEST" duration-ms="713" status="PASS">
          <reporter-output>
          </reporter-output>
        </test-method> <!-- close -->
        <test-method is-config="true" signature="startup()[pri:0, instance:testcase.NavigateMenuItemsTest@1972e513]" started-at="2023-10-24T12:06:35 CEST" name="startup" finished-at="2023-10-24T12:06:38 CEST" duration-ms="3098" status="PASS">
          <reporter-output>
          </reporter-output>
        </test-method> <!-- startup -->
        <test-method signature="NavigateMenuItems()[pri:0, instance:testcase.NavigateMenuItemsTest@1972e513]" started-at="2023-10-24T12:06:38 CEST" name="NavigateMenuItems" finished-at="2023-10-24T12:07:45 CEST" duration-ms="66809" status="PASS">
          <reporter-output>
          </reporter-output>
        </test-method> <!-- NavigateMenuItems -->
        <test-method is-config="true" signature="close()[pri:0, instance:testcase.NavigateMenuItemsTest@1972e513]" started-at="2023-10-24T12:07:45 CEST" name="close" finished-at="2023-10-24T12:07:46 CEST" duration-ms="865" status="PASS">
          <reporter-output>
          </reporter-output>
        </test-method> <!-- close -->
      </class> <!-- testcase.NavigateMenuItemsTest -->
      <class name="testcase.AddItemTest">
        <test-method is-config="true" signature="startup()[pri:0, instance:testcase.AddItemTest@7ae0a9ec]" started-at="2023-10-24T12:07:46 CEST" name="startup" finished-at="2023-10-24T12:07:49 CEST" duration-ms="3324" status="PASS">
          <reporter-output>
          </reporter-output>
        </test-method> <!-- startup -->
        <test-method signature="SearchAndAddItem()[pri:1, instance:testcase.AddItemTest@7ae0a9ec]" started-at="2023-10-24T12:07:49 CEST" name="SearchAndAddItem" finished-at="2023-10-24T12:08:29 CEST" duration-ms="39339" status="PASS">
          <reporter-output>
          </reporter-output>
        </test-method> <!-- SearchAndAddItem -->
        <test-method is-config="true" signature="close()[pri:0, instance:testcase.AddItemTest@7ae0a9ec]" started-at="2023-10-24T12:08:29 CEST" name="close" finished-at="2023-10-24T12:08:30 CEST" duration-ms="815" status="PASS">
          <reporter-output>
          </reporter-output>
        </test-method> <!-- close -->
        <test-method is-config="true" signature="startup()[pri:0, instance:testcase.AddItemTest@7ae0a9ec]" started-at="2023-10-24T12:08:30 CEST" name="startup" finished-at="2023-10-24T12:08:33 CEST" duration-ms="3086" status="PASS">
          <reporter-output>
          </reporter-output>
        </test-method> <!-- startup -->
        <test-method signature="AddItemByDepartment()[pri:2, instance:testcase.AddItemTest@7ae0a9ec]" started-at="2023-10-24T12:08:33 CEST" name="AddItemByDepartment" finished-at="2023-10-24T12:09:23 CEST" duration-ms="50184" status="PASS">
          <reporter-output>
          </reporter-output>
        </test-method> <!-- AddItemByDepartment -->
        <test-method is-config="true" signature="close()[pri:0, instance:testcase.AddItemTest@7ae0a9ec]" started-at="2023-10-24T12:09:23 CEST" name="close" finished-at="2023-10-24T12:09:24 CEST" duration-ms="820" status="PASS">
          <reporter-output>
          </reporter-output>
        </test-method> <!-- close -->
        <test-method is-config="true" signature="startup()[pri:0, instance:testcase.AddItemTest@7ae0a9ec]" started-at="2023-10-24T12:09:24 CEST" name="startup" finished-at="2023-10-24T12:09:28 CEST" duration-ms="3477" status="PASS">
          <reporter-output>
          </reporter-output>
        </test-method> <!-- startup -->
        <test-method signature="AddItemByBrand()[pri:3, instance:testcase.AddItemTest@7ae0a9ec]" started-at="2023-10-24T12:09:28 CEST" name="AddItemByBrand" finished-at="2023-10-24T12:11:15 CEST" duration-ms="107551" status="FAIL">
          <exception class="org.openqa.selenium.NoSuchElementException">
            <message>
              <![CDATA[no such element: Unable to locate element: {"method":"xpath","selector":"//button[.='Keep Address as Entered']"}
  (Session info: chrome=118.0.5993.89)
For documentation on this error, please visit: https://www.selenium.dev/documentation/webdriver/troubleshooting/errors#no-such-element-exception
Build info: version: '4.12.1', revision: '8e34639b11'
System info: os.name: 'Windows 10', os.arch: 'amd64', os.version: '10.0', java.version: '17.0.7'
Driver info: org.openqa.selenium.chrome.ChromeDriver
Command: [3a3dfc1803405903d07c4d297fb518d3, findElement {using=xpath, value=//button[.='Keep Address as Entered']}]
Capabilities {acceptInsecureCerts: false, browserName: chrome, browserVersion: 118.0.5993.89, chrome: {chromedriverVersion: 118.0.5993.70 (e52f33f30b91..., userDataDir: C:\Users\pbala\AppData\Loca...}, fedcm:accounts: true, goog:chromeOptions: {debuggerAddress: localhost:60091}, networkConnectionEnabled: false, pageLoadStrategy: normal, platformName: windows, proxy: Proxy(), se:cdp: ws://localhost:60091/devtoo..., se:cdpVersion: 118.0.5993.89, setWindowRect: true, strictFileInteractability: false, timeouts: {implicit: 0, pageLoad: 300000, script: 30000}, unhandledPromptBehavior: dismiss and notify, webauthn:extension:credBlob: true, webauthn:extension:largeBlob: true, webauthn:extension:minPinLength: true, webauthn:extension:prf: true, webauthn:virtualAuthenticators: true}
Session ID: 3a3dfc1803405903d07c4d297fb518d3]]>
            </message>
            <full-stacktrace>
              <![CDATA[org.openqa.selenium.NoSuchElementException: no such element: Unable to locate element: {"method":"xpath","selector":"//button[.='Keep Address as Entered']"}
  (Session info: chrome=118.0.5993.89)
For documentation on this error, please visit: https://www.selenium.dev/documentation/webdriver/troubleshooting/errors#no-such-element-exception
Build info: version: '4.12.1', revision: '8e34639b11'
System info: os.name: 'Windows 10', os.arch: 'amd64', os.version: '10.0', java.version: '17.0.7'
Driver info: org.openqa.selenium.chrome.ChromeDriver
Command: [3a3dfc1803405903d07c4d297fb518d3, findElement {using=xpath, value=//button[.='Keep Address as Entered']}]
Capabilities {acceptInsecureCerts: false, browserName: chrome, browserVersion: 118.0.5993.89, chrome: {chromedriverVersion: 118.0.5993.70 (e52f33f30b91..., userDataDir: C:\Users\pbala\AppData\Loca...}, fedcm:accounts: true, goog:chromeOptions: {debuggerAddress: localhost:60091}, networkConnectionEnabled: false, pageLoadStrategy: normal, platformName: windows, proxy: Proxy(), se:cdp: ws://localhost:60091/devtoo..., se:cdpVersion: 118.0.5993.89, setWindowRect: true, strictFileInteractability: false, timeouts: {implicit: 0, pageLoad: 300000, script: 30000}, unhandledPromptBehavior: dismiss and notify, webauthn:extension:credBlob: true, webauthn:extension:largeBlob: true, webauthn:extension:minPinLength: true, webauthn:extension:prf: true, webauthn:virtualAuthenticators: true}
Session ID: 3a3dfc1803405903d07c4d297fb518d3
at java.base/jdk.internal.reflect.NativeConstructorAccessorImpl.newInstance0(Native Method)
at java.base/jdk.internal.reflect.NativeConstructorAccessorImpl.newInstance(NativeConstructorAccessorImpl.java:77)
at java.base/jdk.internal.reflect.DelegatingConstructorAccessorImpl.newInstance(DelegatingConstructorAccessorImpl.java:45)
at java.base/java.lang.reflect.Constructor.newInstanceWithCaller(Constructor.java:499)
at java.base/java.lang.reflect.Constructor.newInstance(Constructor.java:480)
at org.openqa.selenium.remote.codec.w3c.W3CHttpResponseCodec.createException(W3CHttpResponseCodec.java:200)
at org.openqa.selenium.remote.codec.w3c.W3CHttpResponseCodec.decode(W3CHttpResponseCodec.java:133)
at org.openqa.selenium.remote.codec.w3c.W3CHttpResponseCodec.decode(W3CHttpResponseCodec.java:52)
at org.openqa.selenium.remote.HttpCommandExecutor.execute(HttpCommandExecutor.java:191)
at org.openqa.selenium.remote.service.DriverCommandExecutor.invokeExecute(DriverCommandExecutor.java:196)
at org.openqa.selenium.remote.service.DriverCommandExecutor.execute(DriverCommandExecutor.java:171)
at org.openqa.selenium.remote.RemoteWebDriver.execute(RemoteWebDriver.java:602)
at org.openqa.selenium.remote.ElementLocation$ElementFinder$2.findElement(ElementLocation.java:165)
at org.openqa.selenium.remote.ElementLocation.findElement(ElementLocation.java:59)
at org.openqa.selenium.remote.RemoteWebDriver.findElement(RemoteWebDriver.java:359)
at org.openqa.selenium.remote.RemoteWebDriver.findElement(RemoteWebDriver.java:353)
at org.openqa.selenium.support.pagefactory.DefaultElementLocator.findElement(DefaultElementLocator.java:68)
at org.openqa.selenium.support.pagefactory.internal.LocatingElementHandler.invoke(LocatingElementHandler.java:38)
at jdk.proxy2/jdk.proxy2.$Proxy14.isDisplayed(Unknown Source)
at pageObjects.ShoppingPage.fillDeliveryAddressForm(ShoppingPage.java:205)
at testcase.AddItemTest.AddItemByBrand(AddItemTest.java:116)
at java.base/jdk.internal.reflect.NativeMethodAccessorImpl.invoke0(Native Method)
at java.base/jdk.internal.reflect.NativeMethodAccessorImpl.invoke(NativeMethodAccessorImpl.java:77)
at java.base/jdk.internal.reflect.DelegatingMethodAccessorImpl.invoke(DelegatingMethodAccessorImpl.java:43)
at java.base/java.lang.reflect.Method.invoke(Method.java:568)
at org.testng.internal.invokers.MethodInvocationHelper.invokeMethod(MethodInvocationHelper.java:139)
at org.testng.internal.invokers.TestInvoker.invokeMethod(TestInvoker.java:664)
at org.testng.internal.invokers.TestInvoker.invokeTestMethod(TestInvoker.java:227)
at org.testng.internal.invokers.MethodRunner.runInSequence(MethodRunner.java:50)
at org.testng.internal.invokers.TestInvoker$MethodInvocationAgent.invoke(TestInvoker.java:957)
at org.testng.internal.invokers.TestInvoker.invokeTestMethods(TestInvoker.java:200)
at org.testng.internal.invokers.TestMethodWorker.invokeTestMethods(TestMethodWorker.java:148)
at org.testng.internal.invokers.TestMethodWorker.run(TestMethodWorker.java:128)
at java.base/java.util.ArrayList.forEach(ArrayList.java:1511)
at org.testng.TestRunner.privateRun(TestRunner.java:848)
at org.testng.TestRunner.run(TestRunner.java:621)
at org.testng.SuiteRunner.runTest(SuiteRunner.java:443)
at org.testng.SuiteRunner.runSequentially(SuiteRunner.java:437)
at org.testng.SuiteRunner.privateRun(SuiteRunner.java:397)
at org.testng.SuiteRunner.run(SuiteRunner.java:336)
at org.testng.SuiteRunnerWorker.runSuite(SuiteRunnerWorker.java:52)
at org.testng.SuiteRunnerWorker.run(SuiteRunnerWorker.java:95)
at org.testng.TestNG.runSuitesSequentially(TestNG.java:1280)
at org.testng.TestNG.runSuitesLocally(TestNG.java:1200)
at org.testng.TestNG.runSuites(TestNG.java:1114)
at org.testng.TestNG.run(TestNG.java:1082)
at org.apache.maven.surefire.testng.TestNGExecutor.run(TestNGExecutor.java:284)
at org.apache.maven.surefire.testng.TestNGXmlTestSuite.execute(TestNGXmlTestSuite.java:75)
at org.apache.maven.surefire.testng.TestNGProvider.invoke(TestNGProvider.java:119)
at org.apache.maven.surefire.booter.ForkedBooter.runSuitesInProcess(ForkedBooter.java:428)
at org.apache.maven.surefire.booter.ForkedBooter.execute(ForkedBooter.java:162)
at org.apache.maven.surefire.booter.ForkedBooter.run(ForkedBooter.java:562)
at org.apache.maven.surefire.booter.ForkedBooter.main(ForkedBooter.java:548)
]]>
            </full-stacktrace>
          </exception> <!-- org.openqa.selenium.NoSuchElementException -->
          <reporter-output>
          </reporter-output>
        </test-method> <!-- AddItemByBrand -->
        <test-method is-config="true" signature="close()[pri:0, instance:testcase.AddItemTest@7ae0a9ec]" started-at="2023-10-24T12:11:15 CEST" name="close" finished-at="2023-10-24T12:11:17 CEST" duration-ms="1298" status="PASS">
          <reporter-output>
          </reporter-output>
        </test-method> <!-- close -->
      </class> <!-- testcase.AddItemTest -->
      <class name="testcase.SignupTest">
        <test-method is-config="true" signature="startup()[pri:0, instance:testcase.SignupTest@302c971f]" started-at="2023-10-24T12:03:58 CEST" name="startup" finished-at="2023-10-24T12:04:01 CEST" duration-ms="3263" status="PASS">
          <reporter-output>
          </reporter-output>
        </test-method> <!-- startup -->
        <test-method signature="Signup()[pri:1, instance:testcase.SignupTest@302c971f]" started-at="2023-10-24T12:04:01 CEST" name="Signup" finished-at="2023-10-24T12:04:19 CEST" duration-ms="17715" status="PASS">
          <reporter-output>
          </reporter-output>
        </test-method> <!-- Signup -->
        <test-method is-config="true" signature="close()[pri:0, instance:testcase.SignupTest@302c971f]" started-at="2023-10-24T12:04:19 CEST" name="close" finished-at="2023-10-24T12:04:20 CEST" duration-ms="624" status="PASS">
          <reporter-output>
          </reporter-output>
        </test-method> <!-- close -->
        <test-method is-config="true" signature="startup()[pri:0, instance:testcase.SignupTest@302c971f]" started-at="2023-10-24T12:04:20 CEST" name="startup" finished-at="2023-10-24T12:04:23 CEST" duration-ms="3315" status="PASS">
          <reporter-output>
          </reporter-output>
        </test-method> <!-- startup -->
        <test-method signature="Login()[pri:2, instance:testcase.SignupTest@302c971f]" started-at="2023-10-24T12:04:23 CEST" name="Login" finished-at="2023-10-24T12:04:36 CEST" duration-ms="12799" status="PASS">
          <reporter-output>
          </reporter-output>
        </test-method> <!-- Login -->
        <test-method is-config="true" signature="close()[pri:0, instance:testcase.SignupTest@302c971f]" started-at="2023-10-24T12:04:36 CEST" name="close" finished-at="2023-10-24T12:04:38 CEST" duration-ms="1364" status="PASS">
          <reporter-output>
          </reporter-output>
        </test-method> <!-- close -->
        <test-method is-config="true" signature="startup()[pri:0, instance:testcase.SignupTest@302c971f]" started-at="2023-10-24T12:04:38 CEST" name="startup" finished-at="2023-10-24T12:04:41 CEST" duration-ms="3771" status="PASS">
          <reporter-output>
          </reporter-output>
        </test-method> <!-- startup -->
        <test-method signature="LoginInvalidEmail()[pri:3, instance:testcase.SignupTest@302c971f]" started-at="2023-10-24T12:04:41 CEST" name="LoginInvalidEmail" finished-at="2023-10-24T12:05:00 CEST" duration-ms="18371" status="PASS">
          <reporter-output>
          </reporter-output>
        </test-method> <!-- LoginInvalidEmail -->
        <test-method is-config="true" signature="close()[pri:0, instance:testcase.SignupTest@302c971f]" started-at="2023-10-24T12:05:00 CEST" name="close" finished-at="2023-10-24T12:05:01 CEST" duration-ms="859" status="PASS">
          <reporter-output>
          </reporter-output>
        </test-method> <!-- close -->
        <test-method is-config="true" signature="startup()[pri:0, instance:testcase.SignupTest@302c971f]" started-at="2023-10-24T12:05:01 CEST" name="startup" finished-at="2023-10-24T12:05:03 CEST" duration-ms="2212" status="PASS">
          <reporter-output>
          </reporter-output>
        </test-method> <!-- startup -->
        <test-method signature="LoginInvalidPassword()[pri:4, instance:testcase.SignupTest@302c971f]" started-at="2023-10-24T12:05:03 CEST" name="LoginInvalidPassword" finished-at="2023-10-24T12:05:20 CEST" duration-ms="17289" status="PASS">
          <reporter-output>
          </reporter-output>
        </test-method> <!-- LoginInvalidPassword -->
        <test-method is-config="true" signature="close()[pri:0, instance:testcase.SignupTest@302c971f]" started-at="2023-10-24T12:05:20 CEST" name="close" finished-at="2023-10-24T12:05:21 CEST" duration-ms="675" status="PASS">
          <reporter-output>
          </reporter-output>
        </test-method> <!-- close -->
        <test-method is-config="true" signature="startup()[pri:0, instance:testcase.SignupTest@302c971f]" started-at="2023-10-24T12:05:21 CEST" name="startup" finished-at="2023-10-24T12:05:25 CEST" duration-ms="3460" status="PASS">
          <reporter-output>
          </reporter-output>
        </test-method> <!-- startup -->
        <test-method signature="LoginInvalidInvalidPassword()[pri:5, instance:testcase.SignupTest@302c971f]" started-at="2023-10-24T12:05:25 CEST" name="LoginInvalidInvalidPassword" finished-at="2023-10-24T12:05:42 CEST" duration-ms="17880" status="PASS">
          <reporter-output>
          </reporter-output>
        </test-method> <!-- LoginInvalidInvalidPassword -->
        <test-method is-config="true" signature="close()[pri:0, instance:testcase.SignupTest@302c971f]" started-at="2023-10-24T12:05:43 CEST" name="close" finished-at="2023-10-24T12:05:43 CEST" duration-ms="676" status="PASS">
          <reporter-output>
          </reporter-output>
        </test-method> <!-- close -->
      </class> <!-- testcase.SignupTest -->
    </test> <!-- Test -->
  </suite> <!-- Suite -->
</testng-results>
